<?xml version="1.0" encoding="UTF-8"?>
<testsuite xmlns:xsi="http://www.w3.org/2001/XMLSchema-instance" xsi:noNamespaceSchemaLocation="https://maven.apache.org/surefire/maven-surefire-plugin/xsd/surefire-test-report-3.0.xsd" version="3.0" name="com.devbox.mavenapp.handler.GameWebSocketHandlerTest" time="0.869" tests="5" errors="0" skipped="0" failures="0">
  <properties>
    <property name="java.specification.version" value="21"/>
    <property name="sun.jnu.encoding" value="UTF-8"/>
    <property name="java.class.path" value="/home/user/projects/Shiritori_sugoroku/backend/target/test-classes:/home/user/projects/Shiritori_sugoroku/backend/target/classes:/home/user/.m2/repository/org/springframework/boot/spring-boot-starter-websocket/2.7.0/spring-boot-starter-websocket-2.7.0.jar:/home/user/.m2/repository/org/springframework/spring-messaging/5.3.20/spring-messaging-5.3.20.jar:/home/user/.m2/repository/org/springframework/spring-beans/5.3.20/spring-beans-5.3.20.jar:/home/user/.m2/repository/org/springframework/spring-websocket/5.3.20/spring-websocket-5.3.20.jar:/home/user/.m2/repository/org/springframework/spring-context/5.3.20/spring-context-5.3.20.jar:/home/user/.m2/repository/org/springframework/boot/spring-boot-starter-web/2.7.0/spring-boot-starter-web-2.7.0.jar:/home/user/.m2/repository/org/springframework/boot/spring-boot-starter/2.7.0/spring-boot-starter-2.7.0.jar:/home/user/.m2/repository/org/springframework/boot/spring-boot/2.7.0/spring-boot-2.7.0.jar:/home/user/.m2/repository/org/springframework/boot/spring-boot-autoconfigure/2.7.0/spring-boot-autoconfigure-2.7.0.jar:/home/user/.m2/repository/org/springframework/boot/spring-boot-starter-logging/2.7.0/spring-boot-starter-logging-2.7.0.jar:/home/user/.m2/repository/ch/qos/logback/logback-classic/1.2.11/logback-classic-1.2.11.jar:/home/user/.m2/repository/ch/qos/logback/logback-core/1.2.11/logback-core-1.2.11.jar:/home/user/.m2/repository/org/apache/logging/log4j/log4j-to-slf4j/2.17.2/log4j-to-slf4j-2.17.2.jar:/home/user/.m2/repository/org/apache/logging/log4j/log4j-api/2.17.2/log4j-api-2.17.2.jar:/home/user/.m2/repository/org/slf4j/jul-to-slf4j/1.7.36/jul-to-slf4j-1.7.36.jar:/home/user/.m2/repository/jakarta/annotation/jakarta.annotation-api/1.3.5/jakarta.annotation-api-1.3.5.jar:/home/user/.m2/repository/org/yaml/snakeyaml/1.30/snakeyaml-1.30.jar:/home/user/.m2/repository/org/springframework/boot/spring-boot-starter-json/2.7.0/spring-boot-starter-json-2.7.0.jar:/home/user/.m2/repository/com/fasterxml/jackson/datatype/jackson-datatype-jdk8/2.13.3/jackson-datatype-jdk8-2.13.3.jar:/home/user/.m2/repository/com/fasterxml/jackson/datatype/jackson-datatype-jsr310/2.13.3/jackson-datatype-jsr310-2.13.3.jar:/home/user/.m2/repository/com/fasterxml/jackson/module/jackson-module-parameter-names/2.13.3/jackson-module-parameter-names-2.13.3.jar:/home/user/.m2/repository/org/springframework/boot/spring-boot-starter-tomcat/2.7.0/spring-boot-starter-tomcat-2.7.0.jar:/home/user/.m2/repository/org/apache/tomcat/embed/tomcat-embed-core/9.0.63/tomcat-embed-core-9.0.63.jar:/home/user/.m2/repository/org/apache/tomcat/embed/tomcat-embed-el/9.0.63/tomcat-embed-el-9.0.63.jar:/home/user/.m2/repository/org/apache/tomcat/embed/tomcat-embed-websocket/9.0.63/tomcat-embed-websocket-9.0.63.jar:/home/user/.m2/repository/org/springframework/spring-web/5.3.20/spring-web-5.3.20.jar:/home/user/.m2/repository/org/springframework/spring-webmvc/5.3.20/spring-webmvc-5.3.20.jar:/home/user/.m2/repository/org/springframework/spring-aop/5.3.20/spring-aop-5.3.20.jar:/home/user/.m2/repository/org/springframework/spring-expression/5.3.20/spring-expression-5.3.20.jar:/home/user/.m2/repository/com/fasterxml/jackson/core/jackson-databind/2.13.4/jackson-databind-2.13.4.jar:/home/user/.m2/repository/com/fasterxml/jackson/core/jackson-annotations/2.13.4/jackson-annotations-2.13.4.jar:/home/user/.m2/repository/com/fasterxml/jackson/core/jackson-core/2.13.4/jackson-core-2.13.4.jar:/home/user/.m2/repository/org/jsoup/jsoup/1.15.4/jsoup-1.15.4.jar:/home/user/.m2/repository/org/junit/jupiter/junit-jupiter/5.10.0/junit-jupiter-5.10.0.jar:/home/user/.m2/repository/org/junit/jupiter/junit-jupiter-api/5.10.0/junit-jupiter-api-5.10.0.jar:/home/user/.m2/repository/org/opentest4j/opentest4j/1.3.0/opentest4j-1.3.0.jar:/home/user/.m2/repository/org/junit/platform/junit-platform-commons/1.10.0/junit-platform-commons-1.10.0.jar:/home/user/.m2/repository/org/apiguardian/apiguardian-api/1.1.2/apiguardian-api-1.1.2.jar:/home/user/.m2/repository/org/junit/jupiter/junit-jupiter-params/5.10.0/junit-jupiter-params-5.10.0.jar:/home/user/.m2/repository/org/junit/jupiter/junit-jupiter-engine/5.10.0/junit-jupiter-engine-5.10.0.jar:/home/user/.m2/repository/org/junit/platform/junit-platform-engine/1.10.0/junit-platform-engine-1.10.0.jar:/home/user/.m2/repository/org/springframework/boot/spring-boot-starter-test/2.7.0/spring-boot-starter-test-2.7.0.jar:/home/user/.m2/repository/org/springframework/boot/spring-boot-test/2.7.0/spring-boot-test-2.7.0.jar:/home/user/.m2/repository/org/springframework/boot/spring-boot-test-autoconfigure/2.7.0/spring-boot-test-autoconfigure-2.7.0.jar:/home/user/.m2/repository/com/jayway/jsonpath/json-path/2.7.0/json-path-2.7.0.jar:/home/user/.m2/repository/net/minidev/json-smart/2.4.7/json-smart-2.4.7.jar:/home/user/.m2/repository/net/minidev/accessors-smart/2.4.7/accessors-smart-2.4.7.jar:/home/user/.m2/repository/org/ow2/asm/asm/9.1/asm-9.1.jar:/home/user/.m2/repository/org/slf4j/slf4j-api/1.7.33/slf4j-api-1.7.33.jar:/home/user/.m2/repository/jakarta/xml/bind/jakarta.xml.bind-api/2.3.3/jakarta.xml.bind-api-2.3.3.jar:/home/user/.m2/repository/jakarta/activation/jakarta.activation-api/1.2.2/jakarta.activation-api-1.2.2.jar:/home/user/.m2/repository/org/hamcrest/hamcrest/2.2/hamcrest-2.2.jar:/home/user/.m2/repository/org/mockito/mockito-junit-jupiter/4.5.1/mockito-junit-jupiter-4.5.1.jar:/home/user/.m2/repository/org/skyscreamer/jsonassert/1.5.0/jsonassert-1.5.0.jar:/home/user/.m2/repository/com/vaadin/external/google/android-json/0.0.20131108.vaadin1/android-json-0.0.20131108.vaadin1.jar:/home/user/.m2/repository/org/springframework/spring-core/5.3.20/spring-core-5.3.20.jar:/home/user/.m2/repository/org/springframework/spring-jcl/5.3.20/spring-jcl-5.3.20.jar:/home/user/.m2/repository/org/springframework/spring-test/5.3.20/spring-test-5.3.20.jar:/home/user/.m2/repository/org/xmlunit/xmlunit-core/2.9.0/xmlunit-core-2.9.0.jar:/home/user/.m2/repository/org/mockito/mockito-core/5.4.0/mockito-core-5.4.0.jar:/home/user/.m2/repository/net/bytebuddy/byte-buddy/1.14.5/byte-buddy-1.14.5.jar:/home/user/.m2/repository/net/bytebuddy/byte-buddy-agent/1.14.5/byte-buddy-agent-1.14.5.jar:/home/user/.m2/repository/org/objenesis/objenesis/3.3/objenesis-3.3.jar:/home/user/.m2/repository/org/assertj/assertj-core/3.24.2/assertj-core-3.24.2.jar:"/>
    <property name="java.vm.vendor" value="Ubuntu"/>
    <property name="sun.arch.data.model" value="64"/>
    <property name="java.vendor.url" value="https://ubuntu.com/"/>
    <property name="user.timezone" value="Asia/Tokyo"/>
    <property name="os.name" value="Linux"/>
    <property name="java.vm.specification.version" value="21"/>
    <property name="sun.java.launcher" value="SUN_STANDARD"/>
    <property name="sun.boot.library.path" value="/usr/lib/jvm/java-21-openjdk-amd64/lib"/>
    <property name="sun.java.command" value="/home/user/projects/Shiritori_sugoroku/backend/target/surefire/surefirebooter-20250115124657618_3.jar /home/user/projects/Shiritori_sugoroku/backend/target/surefire 2025-01-15T12-46-57_483-jvmRun1 surefire-20250115124657618_1tmp surefire_0-20250115124657618_2tmp"/>
    <property name="jdk.debug" value="release"/>
    <property name="surefire.test.class.path" value="/home/user/projects/Shiritori_sugoroku/backend/target/test-classes:/home/user/projects/Shiritori_sugoroku/backend/target/classes:/home/user/.m2/repository/org/springframework/boot/spring-boot-starter-websocket/2.7.0/spring-boot-starter-websocket-2.7.0.jar:/home/user/.m2/repository/org/springframework/spring-messaging/5.3.20/spring-messaging-5.3.20.jar:/home/user/.m2/repository/org/springframework/spring-beans/5.3.20/spring-beans-5.3.20.jar:/home/user/.m2/repository/org/springframework/spring-websocket/5.3.20/spring-websocket-5.3.20.jar:/home/user/.m2/repository/org/springframework/spring-context/5.3.20/spring-context-5.3.20.jar:/home/user/.m2/repository/org/springframework/boot/spring-boot-starter-web/2.7.0/spring-boot-starter-web-2.7.0.jar:/home/user/.m2/repository/org/springframework/boot/spring-boot-starter/2.7.0/spring-boot-starter-2.7.0.jar:/home/user/.m2/repository/org/springframework/boot/spring-boot/2.7.0/spring-boot-2.7.0.jar:/home/user/.m2/repository/org/springframework/boot/spring-boot-autoconfigure/2.7.0/spring-boot-autoconfigure-2.7.0.jar:/home/user/.m2/repository/org/springframework/boot/spring-boot-starter-logging/2.7.0/spring-boot-starter-logging-2.7.0.jar:/home/user/.m2/repository/ch/qos/logback/logback-classic/1.2.11/logback-classic-1.2.11.jar:/home/user/.m2/repository/ch/qos/logback/logback-core/1.2.11/logback-core-1.2.11.jar:/home/user/.m2/repository/org/apache/logging/log4j/log4j-to-slf4j/2.17.2/log4j-to-slf4j-2.17.2.jar:/home/user/.m2/repository/org/apache/logging/log4j/log4j-api/2.17.2/log4j-api-2.17.2.jar:/home/user/.m2/repository/org/slf4j/jul-to-slf4j/1.7.36/jul-to-slf4j-1.7.36.jar:/home/user/.m2/repository/jakarta/annotation/jakarta.annotation-api/1.3.5/jakarta.annotation-api-1.3.5.jar:/home/user/.m2/repository/org/yaml/snakeyaml/1.30/snakeyaml-1.30.jar:/home/user/.m2/repository/org/springframework/boot/spring-boot-starter-json/2.7.0/spring-boot-starter-json-2.7.0.jar:/home/user/.m2/repository/com/fasterxml/jackson/datatype/jackson-datatype-jdk8/2.13.3/jackson-datatype-jdk8-2.13.3.jar:/home/user/.m2/repository/com/fasterxml/jackson/datatype/jackson-datatype-jsr310/2.13.3/jackson-datatype-jsr310-2.13.3.jar:/home/user/.m2/repository/com/fasterxml/jackson/module/jackson-module-parameter-names/2.13.3/jackson-module-parameter-names-2.13.3.jar:/home/user/.m2/repository/org/springframework/boot/spring-boot-starter-tomcat/2.7.0/spring-boot-starter-tomcat-2.7.0.jar:/home/user/.m2/repository/org/apache/tomcat/embed/tomcat-embed-core/9.0.63/tomcat-embed-core-9.0.63.jar:/home/user/.m2/repository/org/apache/tomcat/embed/tomcat-embed-el/9.0.63/tomcat-embed-el-9.0.63.jar:/home/user/.m2/repository/org/apache/tomcat/embed/tomcat-embed-websocket/9.0.63/tomcat-embed-websocket-9.0.63.jar:/home/user/.m2/repository/org/springframework/spring-web/5.3.20/spring-web-5.3.20.jar:/home/user/.m2/repository/org/springframework/spring-webmvc/5.3.20/spring-webmvc-5.3.20.jar:/home/user/.m2/repository/org/springframework/spring-aop/5.3.20/spring-aop-5.3.20.jar:/home/user/.m2/repository/org/springframework/spring-expression/5.3.20/spring-expression-5.3.20.jar:/home/user/.m2/repository/com/fasterxml/jackson/core/jackson-databind/2.13.4/jackson-databind-2.13.4.jar:/home/user/.m2/repository/com/fasterxml/jackson/core/jackson-annotations/2.13.4/jackson-annotations-2.13.4.jar:/home/user/.m2/repository/com/fasterxml/jackson/core/jackson-core/2.13.4/jackson-core-2.13.4.jar:/home/user/.m2/repository/org/jsoup/jsoup/1.15.4/jsoup-1.15.4.jar:/home/user/.m2/repository/org/junit/jupiter/junit-jupiter/5.10.0/junit-jupiter-5.10.0.jar:/home/user/.m2/repository/org/junit/jupiter/junit-jupiter-api/5.10.0/junit-jupiter-api-5.10.0.jar:/home/user/.m2/repository/org/opentest4j/opentest4j/1.3.0/opentest4j-1.3.0.jar:/home/user/.m2/repository/org/junit/platform/junit-platform-commons/1.10.0/junit-platform-commons-1.10.0.jar:/home/user/.m2/repository/org/apiguardian/apiguardian-api/1.1.2/apiguardian-api-1.1.2.jar:/home/user/.m2/repository/org/junit/jupiter/junit-jupiter-params/5.10.0/junit-jupiter-params-5.10.0.jar:/home/user/.m2/repository/org/junit/jupiter/junit-jupiter-engine/5.10.0/junit-jupiter-engine-5.10.0.jar:/home/user/.m2/repository/org/junit/platform/junit-platform-engine/1.10.0/junit-platform-engine-1.10.0.jar:/home/user/.m2/repository/org/springframework/boot/spring-boot-starter-test/2.7.0/spring-boot-starter-test-2.7.0.jar:/home/user/.m2/repository/org/springframework/boot/spring-boot-test/2.7.0/spring-boot-test-2.7.0.jar:/home/user/.m2/repository/org/springframework/boot/spring-boot-test-autoconfigure/2.7.0/spring-boot-test-autoconfigure-2.7.0.jar:/home/user/.m2/repository/com/jayway/jsonpath/json-path/2.7.0/json-path-2.7.0.jar:/home/user/.m2/repository/net/minidev/json-smart/2.4.7/json-smart-2.4.7.jar:/home/user/.m2/repository/net/minidev/accessors-smart/2.4.7/accessors-smart-2.4.7.jar:/home/user/.m2/repository/org/ow2/asm/asm/9.1/asm-9.1.jar:/home/user/.m2/repository/org/slf4j/slf4j-api/1.7.33/slf4j-api-1.7.33.jar:/home/user/.m2/repository/jakarta/xml/bind/jakarta.xml.bind-api/2.3.3/jakarta.xml.bind-api-2.3.3.jar:/home/user/.m2/repository/jakarta/activation/jakarta.activation-api/1.2.2/jakarta.activation-api-1.2.2.jar:/home/user/.m2/repository/org/hamcrest/hamcrest/2.2/hamcrest-2.2.jar:/home/user/.m2/repository/org/mockito/mockito-junit-jupiter/4.5.1/mockito-junit-jupiter-4.5.1.jar:/home/user/.m2/repository/org/skyscreamer/jsonassert/1.5.0/jsonassert-1.5.0.jar:/home/user/.m2/repository/com/vaadin/external/google/android-json/0.0.20131108.vaadin1/android-json-0.0.20131108.vaadin1.jar:/home/user/.m2/repository/org/springframework/spring-core/5.3.20/spring-core-5.3.20.jar:/home/user/.m2/repository/org/springframework/spring-jcl/5.3.20/spring-jcl-5.3.20.jar:/home/user/.m2/repository/org/springframework/spring-test/5.3.20/spring-test-5.3.20.jar:/home/user/.m2/repository/org/xmlunit/xmlunit-core/2.9.0/xmlunit-core-2.9.0.jar:/home/user/.m2/repository/org/mockito/mockito-core/5.4.0/mockito-core-5.4.0.jar:/home/user/.m2/repository/net/bytebuddy/byte-buddy/1.14.5/byte-buddy-1.14.5.jar:/home/user/.m2/repository/net/bytebuddy/byte-buddy-agent/1.14.5/byte-buddy-agent-1.14.5.jar:/home/user/.m2/repository/org/objenesis/objenesis/3.3/objenesis-3.3.jar:/home/user/.m2/repository/org/assertj/assertj-core/3.24.2/assertj-core-3.24.2.jar:"/>
    <property name="sun.cpu.endian" value="little"/>
    <property name="user.home" value="/home/user"/>
    <property name="user.language" value="en"/>
    <property name="java.specification.vendor" value="Oracle Corporation"/>
    <property name="java.version.date" value="2024-10-15"/>
    <property name="java.home" value="/usr/lib/jvm/java-21-openjdk-amd64"/>
    <property name="file.separator" value="/"/>
    <property name="basedir" value="/home/user/projects/Shiritori_sugoroku/backend"/>
    <property name="java.vm.compressedOopsMode" value="32-bit"/>
    <property name="line.separator" value="&#10;"/>
    <property name="java.vm.specification.vendor" value="Oracle Corporation"/>
    <property name="java.specification.name" value="Java Platform API Specification"/>
    <property name="surefire.real.class.path" value="/home/user/projects/Shiritori_sugoroku/backend/target/surefire/surefirebooter-20250115124657618_3.jar"/>
    <property name="sun.management.compiler" value="HotSpot 64-Bit Tiered Compilers"/>
    <property name="java.runtime.version" value="21.0.5+11-Ubuntu-1ubuntu124.04"/>
    <property name="user.name" value="user"/>
    <property name="stdout.encoding" value="UTF-8"/>
    <property name="path.separator" value=":"/>
    <property name="os.version" value="5.15.167.4-microsoft-standard-WSL2"/>
    <property name="java.runtime.name" value="OpenJDK Runtime Environment"/>
    <property name="file.encoding" value="UTF-8"/>
    <property name="sun.net.http.allowRestrictedHeaders" value="true"/>
    <property name="java.vm.name" value="OpenJDK 64-Bit Server VM"/>
    <property name="localRepository" value="/home/user/.m2/repository"/>
    <property name="java.vendor.url.bug" value="https://bugs.launchpad.net/ubuntu/+source/openjdk-21"/>
    <property name="java.io.tmpdir" value="/tmp"/>
    <property name="java.version" value="21.0.5"/>
    <property name="user.dir" value="/home/user/projects/Shiritori_sugoroku/backend"/>
    <property name="os.arch" value="amd64"/>
    <property name="java.vm.specification.name" value="Java Virtual Machine Specification"/>
    <property name="native.encoding" value="UTF-8"/>
    <property name="java.library.path" value="/usr/java/packages/lib:/usr/lib/x86_64-linux-gnu/jni:/lib/x86_64-linux-gnu:/usr/lib/x86_64-linux-gnu:/usr/lib/jni:/lib:/usr/lib"/>
    <property name="stderr.encoding" value="UTF-8"/>
    <property name="java.vm.info" value="mixed mode, sharing"/>
    <property name="java.vendor" value="Ubuntu"/>
    <property name="java.vm.version" value="21.0.5+11-Ubuntu-1ubuntu124.04"/>
    <property name="sun.io.unicode.encoding" value="UnicodeLittle"/>
    <property name="java.class.version" value="65.0"/>
  </properties>
  <testcase name="testAfterConnectionClosed" classname="com.devbox.mavenapp.handler.GameWebSocketHandlerTest" time="0.044">
    <system-out><![CDATA[12:46:59.217 [main] INFO com.devbox.mavenapp.handler.GameWebSocketHandler - New connection established: sessionId=session1
12:46:59.218 [main] DEBUG com.devbox.mavenapp.handler.GameWebSocketHandler - Player 0 added. Total players: 1
12:46:59.257 [main] DEBUG com.devbox.mavenapp.handler.GameWebSocketHandler - Broadcast state sent to sessionId=session1
12:46:59.257 [main] INFO com.devbox.mavenapp.handler.GameWebSocketHandler - Connection closed: sessionId=session1, status=null
]]></system-out>
  </testcase>
  <testcase name="testBroadcastState" classname="com.devbox.mavenapp.handler.GameWebSocketHandlerTest" time="0.018">
    <system-out><![CDATA[12:46:59.262 [main] INFO com.devbox.mavenapp.handler.GameWebSocketHandler - New connection established: sessionId=session1
12:46:59.263 [main] DEBUG com.devbox.mavenapp.handler.GameWebSocketHandler - Player 0 added. Total players: 1
12:46:59.268 [main] DEBUG com.devbox.mavenapp.handler.GameWebSocketHandler - Broadcast state sent to sessionId=session1
12:46:59.268 [main] INFO com.devbox.mavenapp.handler.GameWebSocketHandler - New connection established: sessionId=session2
12:46:59.268 [main] DEBUG com.devbox.mavenapp.handler.GameWebSocketHandler - Player 1 added. Total players: 2
12:46:59.269 [main] DEBUG com.devbox.mavenapp.handler.GameWebSocketHandler - Broadcast state sent to sessionId=session2
12:46:59.269 [main] DEBUG com.devbox.mavenapp.handler.GameWebSocketHandler - Broadcast state sent to sessionId=session1
]]></system-out>
  </testcase>
  <testcase name="testHandleTextMessage_CheckWord_Valid" classname="com.devbox.mavenapp.handler.GameWebSocketHandlerTest" time="0.684">
    <system-out><![CDATA[12:46:59.281 [main] INFO com.devbox.mavenapp.handler.GameWebSocketHandler - New connection established: sessionId=session1
12:46:59.281 [main] DEBUG com.devbox.mavenapp.handler.GameWebSocketHandler - Player 0 added. Total players: 1
12:46:59.282 [main] DEBUG com.devbox.mavenapp.handler.GameWebSocketHandler - Broadcast state sent to sessionId=session1
12:46:59.285 [main] INFO com.devbox.mavenapp.handler.GameWebSocketHandler - Message received: sessionId=session1, payload={"type":"checkWord","word":"example","valid":false,"gameOver":false,"winner":0,"playerId":0,"userName":null}
12:46:59.306 [main] DEBUG com.devbox.mavenapp.handler.GameWebSocketHandler - Handling 'checkWord' message: com.devbox.mavenapp.model.GameMessage@552ed807
12:46:59.306 [main] INFO com.devbox.mavenapp.handler.GameWebSocketHandler - Player 0 validating word: example
12:46:59.959 [main] DEBUG com.devbox.mavenapp.handler.GameWebSocketHandler - Weblio validation result for 'example': true
12:46:59.959 [main] INFO com.devbox.mavenapp.handler.GameWebSocketHandler - Player 0 position updated to 7
12:46:59.960 [main] DEBUG com.devbox.mavenapp.handler.GameWebSocketHandler - Broadcast state sent to sessionId=session1
12:46:59.962 [main] DEBUG com.devbox.mavenapp.handler.GameWebSocketHandler - Response sent to sessionId=session1: com.devbox.mavenapp.model.GameMessage@57f9b467
]]></system-out>
  </testcase>
  <testcase name="testHandleTextMessage_CheckWord_Invalid" classname="com.devbox.mavenapp.handler.GameWebSocketHandlerTest" time="0.112">
    <system-out><![CDATA[12:46:59.966 [main] INFO com.devbox.mavenapp.handler.GameWebSocketHandler - New connection established: sessionId=session1
12:46:59.966 [main] DEBUG com.devbox.mavenapp.handler.GameWebSocketHandler - Player 0 added. Total players: 1
12:46:59.968 [main] DEBUG com.devbox.mavenapp.handler.GameWebSocketHandler - Broadcast state sent to sessionId=session1
12:46:59.969 [main] INFO com.devbox.mavenapp.handler.GameWebSocketHandler - Message received: sessionId=session1, payload={"type":"checkWord","word":"invalidword123","valid":false,"gameOver":false,"winner":0,"playerId":0,"userName":null}
12:46:59.970 [main] DEBUG com.devbox.mavenapp.handler.GameWebSocketHandler - Handling 'checkWord' message: com.devbox.mavenapp.model.GameMessage@f6de586
12:46:59.970 [main] INFO com.devbox.mavenapp.handler.GameWebSocketHandler - Player 0 validating word: invalidword123
12:47:00.073 [main] ERROR com.devbox.mavenapp.handler.GameWebSocketHandler - Error connecting to Weblio for word 'invalidword123'
org.jsoup.HttpStatusException: HTTP error fetching URL. Status=404, URL=[https://www.weblio.jp/content/invalidword123]
	at org.jsoup.helper.HttpConnection$Response.execute(HttpConnection.java:889)
	at org.jsoup.helper.HttpConnection$Response.execute(HttpConnection.java:828)
	at org.jsoup.helper.HttpConnection.execute(HttpConnection.java:365)
	at org.jsoup.helper.HttpConnection.get(HttpConnection.java:352)
	at com.devbox.mavenapp.handler.GameWebSocketHandler.validateWordWithWeblio(GameWebSocketHandler.java:92)
	at com.devbox.mavenapp.handler.GameWebSocketHandler.handleCheckWord(GameWebSocketHandler.java:62)
	at com.devbox.mavenapp.handler.GameWebSocketHandler.handleTextMessage(GameWebSocketHandler.java:47)
	at com.devbox.mavenapp.handler.GameWebSocketHandlerTest.testHandleTextMessage_CheckWord_Invalid(GameWebSocketHandlerTest.java:93)
	at java.base/jdk.internal.reflect.DirectMethodHandleAccessor.invoke(DirectMethodHandleAccessor.java:103)
	at java.base/java.lang.reflect.Method.invoke(Method.java:580)
	at org.junit.platform.commons.util.ReflectionUtils.invokeMethod(ReflectionUtils.java:728)
	at org.junit.jupiter.engine.execution.MethodInvocation.proceed(MethodInvocation.java:60)
	at org.junit.jupiter.engine.execution.InvocationInterceptorChain$ValidatingInvocation.proceed(InvocationInterceptorChain.java:131)
	at org.junit.jupiter.engine.extension.TimeoutExtension.intercept(TimeoutExtension.java:156)
	at org.junit.jupiter.engine.extension.TimeoutExtension.interceptTestableMethod(TimeoutExtension.java:147)
	at org.junit.jupiter.engine.extension.TimeoutExtension.interceptTestMethod(TimeoutExtension.java:86)
	at org.junit.jupiter.engine.execution.InterceptingExecutableInvoker$ReflectiveInterceptorCall.lambda$ofVoidMethod$0(InterceptingExecutableInvoker.java:103)
	at org.junit.jupiter.engine.execution.InterceptingExecutableInvoker.lambda$invoke$0(InterceptingExecutableInvoker.java:93)
	at org.junit.jupiter.engine.execution.InvocationInterceptorChain$InterceptedInvocation.proceed(InvocationInterceptorChain.java:106)
	at org.junit.jupiter.engine.execution.InvocationInterceptorChain.proceed(InvocationInterceptorChain.java:64)
	at org.junit.jupiter.engine.execution.InvocationInterceptorChain.chainAndInvoke(InvocationInterceptorChain.java:45)
	at org.junit.jupiter.engine.execution.InvocationInterceptorChain.invoke(InvocationInterceptorChain.java:37)
	at org.junit.jupiter.engine.execution.InterceptingExecutableInvoker.invoke(InterceptingExecutableInvoker.java:92)
	at org.junit.jupiter.engine.execution.InterceptingExecutableInvoker.invoke(InterceptingExecutableInvoker.java:86)
	at org.junit.jupiter.engine.descriptor.TestMethodTestDescriptor.lambda$invokeTestMethod$7(TestMethodTestDescriptor.java:218)
	at org.junit.platform.engine.support.hierarchical.ThrowableCollector.execute(ThrowableCollector.java:73)
	at org.junit.jupiter.engine.descriptor.TestMethodTestDescriptor.invokeTestMethod(TestMethodTestDescriptor.java:214)
	at org.junit.jupiter.engine.descriptor.TestMethodTestDescriptor.execute(TestMethodTestDescriptor.java:139)
	at org.junit.jupiter.engine.descriptor.TestMethodTestDescriptor.execute(TestMethodTestDescriptor.java:69)
	at org.junit.platform.engine.support.hierarchical.NodeTestTask.lambda$executeRecursively$6(NodeTestTask.java:151)
	at org.junit.platform.engine.support.hierarchical.ThrowableCollector.execute(ThrowableCollector.java:73)
	at org.junit.platform.engine.support.hierarchical.NodeTestTask.lambda$executeRecursively$8(NodeTestTask.java:141)
	at org.junit.platform.engine.support.hierarchical.Node.around(Node.java:137)
	at org.junit.platform.engine.support.hierarchical.NodeTestTask.lambda$executeRecursively$9(NodeTestTask.java:139)
	at org.junit.platform.engine.support.hierarchical.ThrowableCollector.execute(ThrowableCollector.java:73)
	at org.junit.platform.engine.support.hierarchical.NodeTestTask.executeRecursively(NodeTestTask.java:138)
	at org.junit.platform.engine.support.hierarchical.NodeTestTask.execute(NodeTestTask.java:95)
	at java.base/java.util.ArrayList.forEach(ArrayList.java:1596)
	at org.junit.platform.engine.support.hierarchical.SameThreadHierarchicalTestExecutorService.invokeAll(SameThreadHierarchicalTestExecutorService.java:41)
	at org.junit.platform.engine.support.hierarchical.NodeTestTask.lambda$executeRecursively$6(NodeTestTask.java:155)
	at org.junit.platform.engine.support.hierarchical.ThrowableCollector.execute(ThrowableCollector.java:73)
	at org.junit.platform.engine.support.hierarchical.NodeTestTask.lambda$executeRecursively$8(NodeTestTask.java:141)
	at org.junit.platform.engine.support.hierarchical.Node.around(Node.java:137)
	at org.junit.platform.engine.support.hierarchical.NodeTestTask.lambda$executeRecursively$9(NodeTestTask.java:139)
	at org.junit.platform.engine.support.hierarchical.ThrowableCollector.execute(ThrowableCollector.java:73)
	at org.junit.platform.engine.support.hierarchical.NodeTestTask.executeRecursively(NodeTestTask.java:138)
	at org.junit.platform.engine.support.hierarchical.NodeTestTask.execute(NodeTestTask.java:95)
	at java.base/java.util.ArrayList.forEach(ArrayList.java:1596)
	at org.junit.platform.engine.support.hierarchical.SameThreadHierarchicalTestExecutorService.invokeAll(SameThreadHierarchicalTestExecutorService.java:41)
	at org.junit.platform.engine.support.hierarchical.NodeTestTask.lambda$executeRecursively$6(NodeTestTask.java:155)
	at org.junit.platform.engine.support.hierarchical.ThrowableCollector.execute(ThrowableCollector.java:73)
	at org.junit.platform.engine.support.hierarchical.NodeTestTask.lambda$executeRecursively$8(NodeTestTask.java:141)
	at org.junit.platform.engine.support.hierarchical.Node.around(Node.java:137)
	at org.junit.platform.engine.support.hierarchical.NodeTestTask.lambda$executeRecursively$9(NodeTestTask.java:139)
	at org.junit.platform.engine.support.hierarchical.ThrowableCollector.execute(ThrowableCollector.java:73)
	at org.junit.platform.engine.support.hierarchical.NodeTestTask.executeRecursively(NodeTestTask.java:138)
	at org.junit.platform.engine.support.hierarchical.NodeTestTask.execute(NodeTestTask.java:95)
	at org.junit.platform.engine.support.hierarchical.SameThreadHierarchicalTestExecutorService.submit(SameThreadHierarchicalTestExecutorService.java:35)
	at org.junit.platform.engine.support.hierarchical.HierarchicalTestExecutor.execute(HierarchicalTestExecutor.java:57)
	at org.junit.platform.engine.support.hierarchical.HierarchicalTestEngine.execute(HierarchicalTestEngine.java:54)
	at org.junit.platform.launcher.core.EngineExecutionOrchestrator.execute(EngineExecutionOrchestrator.java:198)
	at org.junit.platform.launcher.core.EngineExecutionOrchestrator.execute(EngineExecutionOrchestrator.java:169)
	at org.junit.platform.launcher.core.EngineExecutionOrchestrator.execute(EngineExecutionOrchestrator.java:93)
	at org.junit.platform.launcher.core.EngineExecutionOrchestrator.lambda$execute$0(EngineExecutionOrchestrator.java:58)
	at org.junit.platform.launcher.core.EngineExecutionOrchestrator.withInterceptedStreams(EngineExecutionOrchestrator.java:141)
	at org.junit.platform.launcher.core.EngineExecutionOrchestrator.execute(EngineExecutionOrchestrator.java:57)
	at org.junit.platform.launcher.core.DefaultLauncher.execute(DefaultLauncher.java:103)
	at org.junit.platform.launcher.core.DefaultLauncher.execute(DefaultLauncher.java:85)
	at org.junit.platform.launcher.core.DelegatingLauncher.execute(DelegatingLauncher.java:47)
	at org.apache.maven.surefire.junitplatform.LazyLauncher.execute(LazyLauncher.java:56)
	at org.apache.maven.surefire.junitplatform.JUnitPlatformProvider.execute(JUnitPlatformProvider.java:184)
	at org.apache.maven.surefire.junitplatform.JUnitPlatformProvider.invokeAllTests(JUnitPlatformProvider.java:148)
	at org.apache.maven.surefire.junitplatform.JUnitPlatformProvider.invoke(JUnitPlatformProvider.java:122)
	at org.apache.maven.surefire.booter.ForkedBooter.runSuitesInProcess(ForkedBooter.java:385)
	at org.apache.maven.surefire.booter.ForkedBooter.execute(ForkedBooter.java:162)
	at org.apache.maven.surefire.booter.ForkedBooter.run(ForkedBooter.java:507)
	at org.apache.maven.surefire.booter.ForkedBooter.main(ForkedBooter.java:495)
12:47:00.074 [main] WARN com.devbox.mavenapp.handler.GameWebSocketHandler - Word validation failed: invalidword123
12:47:00.074 [main] DEBUG com.devbox.mavenapp.handler.GameWebSocketHandler - Broadcast state sent to sessionId=session1
12:47:00.075 [main] DEBUG com.devbox.mavenapp.handler.GameWebSocketHandler - Response sent to sessionId=session1: com.devbox.mavenapp.model.GameMessage@30ca0779
]]></system-out>
  </testcase>
  <testcase name="testAfterConnectionEstablished" classname="com.devbox.mavenapp.handler.GameWebSocketHandlerTest" time="0.004">
    <system-out><![CDATA[12:47:00.079 [main] INFO com.devbox.mavenapp.handler.GameWebSocketHandler - New connection established: sessionId=session1
12:47:00.080 [main] DEBUG com.devbox.mavenapp.handler.GameWebSocketHandler - Player 0 added. Total players: 1
12:47:00.081 [main] DEBUG com.devbox.mavenapp.handler.GameWebSocketHandler - Broadcast state sent to sessionId=session1
]]></system-out>
  </testcase>
</testsuite>