<?xml version="1.0" encoding="UTF-8"?>
<testsuite xmlns:xsi="http://www.w3.org/2001/XMLSchema-instance" xsi:noNamespaceSchemaLocation="https://maven.apache.org/surefire/maven-surefire-plugin/xsd/surefire-test-report-3.0.xsd" version="3.0" name="com.devbox.mavenapp.handler.MatchmakingHandlerTest" time="1.124" tests="6" errors="0" skipped="0" failures="0">
  <properties>
    <property name="java.specification.version" value="21"/>
    <property name="sun.jnu.encoding" value="UTF-8"/>
    <property name="java.class.path" value="/home/user/projects/Shiritori_sugoroku/backend/target/test-classes:/home/user/projects/Shiritori_sugoroku/backend/target/classes:/home/user/.m2/repository/org/springframework/boot/spring-boot-starter-websocket/2.7.0/spring-boot-starter-websocket-2.7.0.jar:/home/user/.m2/repository/org/springframework/spring-messaging/5.3.20/spring-messaging-5.3.20.jar:/home/user/.m2/repository/org/springframework/spring-beans/5.3.20/spring-beans-5.3.20.jar:/home/user/.m2/repository/org/springframework/spring-websocket/5.3.20/spring-websocket-5.3.20.jar:/home/user/.m2/repository/org/springframework/spring-context/5.3.20/spring-context-5.3.20.jar:/home/user/.m2/repository/org/springframework/boot/spring-boot-starter-web/2.7.0/spring-boot-starter-web-2.7.0.jar:/home/user/.m2/repository/org/springframework/boot/spring-boot-starter/2.7.0/spring-boot-starter-2.7.0.jar:/home/user/.m2/repository/org/springframework/boot/spring-boot/2.7.0/spring-boot-2.7.0.jar:/home/user/.m2/repository/org/springframework/boot/spring-boot-autoconfigure/2.7.0/spring-boot-autoconfigure-2.7.0.jar:/home/user/.m2/repository/org/springframework/boot/spring-boot-starter-logging/2.7.0/spring-boot-starter-logging-2.7.0.jar:/home/user/.m2/repository/ch/qos/logback/logback-classic/1.2.11/logback-classic-1.2.11.jar:/home/user/.m2/repository/ch/qos/logback/logback-core/1.2.11/logback-core-1.2.11.jar:/home/user/.m2/repository/org/apache/logging/log4j/log4j-to-slf4j/2.17.2/log4j-to-slf4j-2.17.2.jar:/home/user/.m2/repository/org/apache/logging/log4j/log4j-api/2.17.2/log4j-api-2.17.2.jar:/home/user/.m2/repository/org/slf4j/jul-to-slf4j/1.7.36/jul-to-slf4j-1.7.36.jar:/home/user/.m2/repository/jakarta/annotation/jakarta.annotation-api/1.3.5/jakarta.annotation-api-1.3.5.jar:/home/user/.m2/repository/org/yaml/snakeyaml/1.30/snakeyaml-1.30.jar:/home/user/.m2/repository/org/springframework/boot/spring-boot-starter-json/2.7.0/spring-boot-starter-json-2.7.0.jar:/home/user/.m2/repository/com/fasterxml/jackson/datatype/jackson-datatype-jdk8/2.13.3/jackson-datatype-jdk8-2.13.3.jar:/home/user/.m2/repository/com/fasterxml/jackson/datatype/jackson-datatype-jsr310/2.13.3/jackson-datatype-jsr310-2.13.3.jar:/home/user/.m2/repository/com/fasterxml/jackson/module/jackson-module-parameter-names/2.13.3/jackson-module-parameter-names-2.13.3.jar:/home/user/.m2/repository/org/springframework/boot/spring-boot-starter-tomcat/2.7.0/spring-boot-starter-tomcat-2.7.0.jar:/home/user/.m2/repository/org/apache/tomcat/embed/tomcat-embed-core/9.0.63/tomcat-embed-core-9.0.63.jar:/home/user/.m2/repository/org/apache/tomcat/embed/tomcat-embed-el/9.0.63/tomcat-embed-el-9.0.63.jar:/home/user/.m2/repository/org/apache/tomcat/embed/tomcat-embed-websocket/9.0.63/tomcat-embed-websocket-9.0.63.jar:/home/user/.m2/repository/org/springframework/spring-web/5.3.20/spring-web-5.3.20.jar:/home/user/.m2/repository/org/springframework/spring-webmvc/5.3.20/spring-webmvc-5.3.20.jar:/home/user/.m2/repository/org/springframework/spring-aop/5.3.20/spring-aop-5.3.20.jar:/home/user/.m2/repository/org/springframework/spring-expression/5.3.20/spring-expression-5.3.20.jar:/home/user/.m2/repository/com/fasterxml/jackson/core/jackson-databind/2.13.4/jackson-databind-2.13.4.jar:/home/user/.m2/repository/com/fasterxml/jackson/core/jackson-annotations/2.13.4/jackson-annotations-2.13.4.jar:/home/user/.m2/repository/com/fasterxml/jackson/core/jackson-core/2.13.4/jackson-core-2.13.4.jar:/home/user/.m2/repository/org/jsoup/jsoup/1.15.4/jsoup-1.15.4.jar:/home/user/.m2/repository/org/junit/jupiter/junit-jupiter/5.10.0/junit-jupiter-5.10.0.jar:/home/user/.m2/repository/org/junit/jupiter/junit-jupiter-api/5.10.0/junit-jupiter-api-5.10.0.jar:/home/user/.m2/repository/org/opentest4j/opentest4j/1.3.0/opentest4j-1.3.0.jar:/home/user/.m2/repository/org/junit/platform/junit-platform-commons/1.10.0/junit-platform-commons-1.10.0.jar:/home/user/.m2/repository/org/apiguardian/apiguardian-api/1.1.2/apiguardian-api-1.1.2.jar:/home/user/.m2/repository/org/junit/jupiter/junit-jupiter-params/5.10.0/junit-jupiter-params-5.10.0.jar:/home/user/.m2/repository/org/junit/jupiter/junit-jupiter-engine/5.10.0/junit-jupiter-engine-5.10.0.jar:/home/user/.m2/repository/org/junit/platform/junit-platform-engine/1.10.0/junit-platform-engine-1.10.0.jar:/home/user/.m2/repository/org/springframework/boot/spring-boot-starter-test/2.7.0/spring-boot-starter-test-2.7.0.jar:/home/user/.m2/repository/org/springframework/boot/spring-boot-test/2.7.0/spring-boot-test-2.7.0.jar:/home/user/.m2/repository/org/springframework/boot/spring-boot-test-autoconfigure/2.7.0/spring-boot-test-autoconfigure-2.7.0.jar:/home/user/.m2/repository/com/jayway/jsonpath/json-path/2.7.0/json-path-2.7.0.jar:/home/user/.m2/repository/net/minidev/json-smart/2.4.7/json-smart-2.4.7.jar:/home/user/.m2/repository/net/minidev/accessors-smart/2.4.7/accessors-smart-2.4.7.jar:/home/user/.m2/repository/org/ow2/asm/asm/9.1/asm-9.1.jar:/home/user/.m2/repository/org/slf4j/slf4j-api/1.7.33/slf4j-api-1.7.33.jar:/home/user/.m2/repository/jakarta/xml/bind/jakarta.xml.bind-api/2.3.3/jakarta.xml.bind-api-2.3.3.jar:/home/user/.m2/repository/jakarta/activation/jakarta.activation-api/1.2.2/jakarta.activation-api-1.2.2.jar:/home/user/.m2/repository/org/hamcrest/hamcrest/2.2/hamcrest-2.2.jar:/home/user/.m2/repository/org/mockito/mockito-junit-jupiter/4.5.1/mockito-junit-jupiter-4.5.1.jar:/home/user/.m2/repository/org/skyscreamer/jsonassert/1.5.0/jsonassert-1.5.0.jar:/home/user/.m2/repository/com/vaadin/external/google/android-json/0.0.20131108.vaadin1/android-json-0.0.20131108.vaadin1.jar:/home/user/.m2/repository/org/springframework/spring-core/5.3.20/spring-core-5.3.20.jar:/home/user/.m2/repository/org/springframework/spring-jcl/5.3.20/spring-jcl-5.3.20.jar:/home/user/.m2/repository/org/springframework/spring-test/5.3.20/spring-test-5.3.20.jar:/home/user/.m2/repository/org/xmlunit/xmlunit-core/2.9.0/xmlunit-core-2.9.0.jar:/home/user/.m2/repository/org/mockito/mockito-core/5.4.0/mockito-core-5.4.0.jar:/home/user/.m2/repository/net/bytebuddy/byte-buddy/1.14.5/byte-buddy-1.14.5.jar:/home/user/.m2/repository/net/bytebuddy/byte-buddy-agent/1.14.5/byte-buddy-agent-1.14.5.jar:/home/user/.m2/repository/org/objenesis/objenesis/3.3/objenesis-3.3.jar:/home/user/.m2/repository/org/assertj/assertj-core/3.24.2/assertj-core-3.24.2.jar:"/>
    <property name="java.vm.vendor" value="Ubuntu"/>
    <property name="sun.arch.data.model" value="64"/>
    <property name="java.vendor.url" value="https://ubuntu.com/"/>
    <property name="user.timezone" value="Asia/Tokyo"/>
    <property name="os.name" value="Linux"/>
    <property name="java.vm.specification.version" value="21"/>
    <property name="sun.java.launcher" value="SUN_STANDARD"/>
    <property name="sun.boot.library.path" value="/usr/lib/jvm/java-21-openjdk-amd64/lib"/>
    <property name="sun.java.command" value="/home/user/projects/Shiritori_sugoroku/backend/target/surefire/surefirebooter-20250115124657618_3.jar /home/user/projects/Shiritori_sugoroku/backend/target/surefire 2025-01-15T12-46-57_483-jvmRun1 surefire-20250115124657618_1tmp surefire_0-20250115124657618_2tmp"/>
    <property name="jdk.debug" value="release"/>
    <property name="surefire.test.class.path" value="/home/user/projects/Shiritori_sugoroku/backend/target/test-classes:/home/user/projects/Shiritori_sugoroku/backend/target/classes:/home/user/.m2/repository/org/springframework/boot/spring-boot-starter-websocket/2.7.0/spring-boot-starter-websocket-2.7.0.jar:/home/user/.m2/repository/org/springframework/spring-messaging/5.3.20/spring-messaging-5.3.20.jar:/home/user/.m2/repository/org/springframework/spring-beans/5.3.20/spring-beans-5.3.20.jar:/home/user/.m2/repository/org/springframework/spring-websocket/5.3.20/spring-websocket-5.3.20.jar:/home/user/.m2/repository/org/springframework/spring-context/5.3.20/spring-context-5.3.20.jar:/home/user/.m2/repository/org/springframework/boot/spring-boot-starter-web/2.7.0/spring-boot-starter-web-2.7.0.jar:/home/user/.m2/repository/org/springframework/boot/spring-boot-starter/2.7.0/spring-boot-starter-2.7.0.jar:/home/user/.m2/repository/org/springframework/boot/spring-boot/2.7.0/spring-boot-2.7.0.jar:/home/user/.m2/repository/org/springframework/boot/spring-boot-autoconfigure/2.7.0/spring-boot-autoconfigure-2.7.0.jar:/home/user/.m2/repository/org/springframework/boot/spring-boot-starter-logging/2.7.0/spring-boot-starter-logging-2.7.0.jar:/home/user/.m2/repository/ch/qos/logback/logback-classic/1.2.11/logback-classic-1.2.11.jar:/home/user/.m2/repository/ch/qos/logback/logback-core/1.2.11/logback-core-1.2.11.jar:/home/user/.m2/repository/org/apache/logging/log4j/log4j-to-slf4j/2.17.2/log4j-to-slf4j-2.17.2.jar:/home/user/.m2/repository/org/apache/logging/log4j/log4j-api/2.17.2/log4j-api-2.17.2.jar:/home/user/.m2/repository/org/slf4j/jul-to-slf4j/1.7.36/jul-to-slf4j-1.7.36.jar:/home/user/.m2/repository/jakarta/annotation/jakarta.annotation-api/1.3.5/jakarta.annotation-api-1.3.5.jar:/home/user/.m2/repository/org/yaml/snakeyaml/1.30/snakeyaml-1.30.jar:/home/user/.m2/repository/org/springframework/boot/spring-boot-starter-json/2.7.0/spring-boot-starter-json-2.7.0.jar:/home/user/.m2/repository/com/fasterxml/jackson/datatype/jackson-datatype-jdk8/2.13.3/jackson-datatype-jdk8-2.13.3.jar:/home/user/.m2/repository/com/fasterxml/jackson/datatype/jackson-datatype-jsr310/2.13.3/jackson-datatype-jsr310-2.13.3.jar:/home/user/.m2/repository/com/fasterxml/jackson/module/jackson-module-parameter-names/2.13.3/jackson-module-parameter-names-2.13.3.jar:/home/user/.m2/repository/org/springframework/boot/spring-boot-starter-tomcat/2.7.0/spring-boot-starter-tomcat-2.7.0.jar:/home/user/.m2/repository/org/apache/tomcat/embed/tomcat-embed-core/9.0.63/tomcat-embed-core-9.0.63.jar:/home/user/.m2/repository/org/apache/tomcat/embed/tomcat-embed-el/9.0.63/tomcat-embed-el-9.0.63.jar:/home/user/.m2/repository/org/apache/tomcat/embed/tomcat-embed-websocket/9.0.63/tomcat-embed-websocket-9.0.63.jar:/home/user/.m2/repository/org/springframework/spring-web/5.3.20/spring-web-5.3.20.jar:/home/user/.m2/repository/org/springframework/spring-webmvc/5.3.20/spring-webmvc-5.3.20.jar:/home/user/.m2/repository/org/springframework/spring-aop/5.3.20/spring-aop-5.3.20.jar:/home/user/.m2/repository/org/springframework/spring-expression/5.3.20/spring-expression-5.3.20.jar:/home/user/.m2/repository/com/fasterxml/jackson/core/jackson-databind/2.13.4/jackson-databind-2.13.4.jar:/home/user/.m2/repository/com/fasterxml/jackson/core/jackson-annotations/2.13.4/jackson-annotations-2.13.4.jar:/home/user/.m2/repository/com/fasterxml/jackson/core/jackson-core/2.13.4/jackson-core-2.13.4.jar:/home/user/.m2/repository/org/jsoup/jsoup/1.15.4/jsoup-1.15.4.jar:/home/user/.m2/repository/org/junit/jupiter/junit-jupiter/5.10.0/junit-jupiter-5.10.0.jar:/home/user/.m2/repository/org/junit/jupiter/junit-jupiter-api/5.10.0/junit-jupiter-api-5.10.0.jar:/home/user/.m2/repository/org/opentest4j/opentest4j/1.3.0/opentest4j-1.3.0.jar:/home/user/.m2/repository/org/junit/platform/junit-platform-commons/1.10.0/junit-platform-commons-1.10.0.jar:/home/user/.m2/repository/org/apiguardian/apiguardian-api/1.1.2/apiguardian-api-1.1.2.jar:/home/user/.m2/repository/org/junit/jupiter/junit-jupiter-params/5.10.0/junit-jupiter-params-5.10.0.jar:/home/user/.m2/repository/org/junit/jupiter/junit-jupiter-engine/5.10.0/junit-jupiter-engine-5.10.0.jar:/home/user/.m2/repository/org/junit/platform/junit-platform-engine/1.10.0/junit-platform-engine-1.10.0.jar:/home/user/.m2/repository/org/springframework/boot/spring-boot-starter-test/2.7.0/spring-boot-starter-test-2.7.0.jar:/home/user/.m2/repository/org/springframework/boot/spring-boot-test/2.7.0/spring-boot-test-2.7.0.jar:/home/user/.m2/repository/org/springframework/boot/spring-boot-test-autoconfigure/2.7.0/spring-boot-test-autoconfigure-2.7.0.jar:/home/user/.m2/repository/com/jayway/jsonpath/json-path/2.7.0/json-path-2.7.0.jar:/home/user/.m2/repository/net/minidev/json-smart/2.4.7/json-smart-2.4.7.jar:/home/user/.m2/repository/net/minidev/accessors-smart/2.4.7/accessors-smart-2.4.7.jar:/home/user/.m2/repository/org/ow2/asm/asm/9.1/asm-9.1.jar:/home/user/.m2/repository/org/slf4j/slf4j-api/1.7.33/slf4j-api-1.7.33.jar:/home/user/.m2/repository/jakarta/xml/bind/jakarta.xml.bind-api/2.3.3/jakarta.xml.bind-api-2.3.3.jar:/home/user/.m2/repository/jakarta/activation/jakarta.activation-api/1.2.2/jakarta.activation-api-1.2.2.jar:/home/user/.m2/repository/org/hamcrest/hamcrest/2.2/hamcrest-2.2.jar:/home/user/.m2/repository/org/mockito/mockito-junit-jupiter/4.5.1/mockito-junit-jupiter-4.5.1.jar:/home/user/.m2/repository/org/skyscreamer/jsonassert/1.5.0/jsonassert-1.5.0.jar:/home/user/.m2/repository/com/vaadin/external/google/android-json/0.0.20131108.vaadin1/android-json-0.0.20131108.vaadin1.jar:/home/user/.m2/repository/org/springframework/spring-core/5.3.20/spring-core-5.3.20.jar:/home/user/.m2/repository/org/springframework/spring-jcl/5.3.20/spring-jcl-5.3.20.jar:/home/user/.m2/repository/org/springframework/spring-test/5.3.20/spring-test-5.3.20.jar:/home/user/.m2/repository/org/xmlunit/xmlunit-core/2.9.0/xmlunit-core-2.9.0.jar:/home/user/.m2/repository/org/mockito/mockito-core/5.4.0/mockito-core-5.4.0.jar:/home/user/.m2/repository/net/bytebuddy/byte-buddy/1.14.5/byte-buddy-1.14.5.jar:/home/user/.m2/repository/net/bytebuddy/byte-buddy-agent/1.14.5/byte-buddy-agent-1.14.5.jar:/home/user/.m2/repository/org/objenesis/objenesis/3.3/objenesis-3.3.jar:/home/user/.m2/repository/org/assertj/assertj-core/3.24.2/assertj-core-3.24.2.jar:"/>
    <property name="sun.cpu.endian" value="little"/>
    <property name="user.home" value="/home/user"/>
    <property name="user.language" value="en"/>
    <property name="java.specification.vendor" value="Oracle Corporation"/>
    <property name="java.version.date" value="2024-10-15"/>
    <property name="java.home" value="/usr/lib/jvm/java-21-openjdk-amd64"/>
    <property name="file.separator" value="/"/>
    <property name="basedir" value="/home/user/projects/Shiritori_sugoroku/backend"/>
    <property name="java.vm.compressedOopsMode" value="32-bit"/>
    <property name="line.separator" value="&#10;"/>
    <property name="java.vm.specification.vendor" value="Oracle Corporation"/>
    <property name="java.specification.name" value="Java Platform API Specification"/>
    <property name="surefire.real.class.path" value="/home/user/projects/Shiritori_sugoroku/backend/target/surefire/surefirebooter-20250115124657618_3.jar"/>
    <property name="sun.management.compiler" value="HotSpot 64-Bit Tiered Compilers"/>
    <property name="java.runtime.version" value="21.0.5+11-Ubuntu-1ubuntu124.04"/>
    <property name="user.name" value="user"/>
    <property name="stdout.encoding" value="UTF-8"/>
    <property name="path.separator" value=":"/>
    <property name="os.version" value="5.15.167.4-microsoft-standard-WSL2"/>
    <property name="java.runtime.name" value="OpenJDK Runtime Environment"/>
    <property name="file.encoding" value="UTF-8"/>
    <property name="java.vm.name" value="OpenJDK 64-Bit Server VM"/>
    <property name="localRepository" value="/home/user/.m2/repository"/>
    <property name="java.vendor.url.bug" value="https://bugs.launchpad.net/ubuntu/+source/openjdk-21"/>
    <property name="java.io.tmpdir" value="/tmp"/>
    <property name="java.version" value="21.0.5"/>
    <property name="user.dir" value="/home/user/projects/Shiritori_sugoroku/backend"/>
    <property name="os.arch" value="amd64"/>
    <property name="java.vm.specification.name" value="Java Virtual Machine Specification"/>
    <property name="native.encoding" value="UTF-8"/>
    <property name="java.library.path" value="/usr/java/packages/lib:/usr/lib/x86_64-linux-gnu/jni:/lib/x86_64-linux-gnu:/usr/lib/x86_64-linux-gnu:/usr/lib/jni:/lib:/usr/lib"/>
    <property name="stderr.encoding" value="UTF-8"/>
    <property name="java.vm.info" value="mixed mode, sharing"/>
    <property name="java.vendor" value="Ubuntu"/>
    <property name="java.vm.version" value="21.0.5+11-Ubuntu-1ubuntu124.04"/>
    <property name="sun.io.unicode.encoding" value="UnicodeLittle"/>
    <property name="java.class.version" value="65.0"/>
  </properties>
  <testcase name="testHandleTextMessage_DuplicatePlayer" classname="com.devbox.mavenapp.handler.MatchmakingHandlerTest" time="1.04">
    <system-out><![CDATA[12:46:59.065 [main] INFO com.devbox.mavenapp.handler.MatchmakingHandler - New player connected: sessionId=session1
12:46:59.072 [main] INFO com.devbox.mavenapp.handler.MatchmakingHandler - Message received: sessionId=session1, payload={"type":"join","userName":"Player1","userId":"12345"}
12:46:59.097 [main] INFO com.devbox.mavenapp.handler.MatchmakingHandler - Player joined: Player1 (12345) in room b1f963f4-084e-44a7-9da9-abe72ce1bd88
12:46:59.097 [main] INFO com.devbox.mavenapp.handler.MatchmakingHandler - Broadcasting player update. Current players: [{userid=12345, username=Player1}]
12:46:59.105 [main] INFO com.devbox.mavenapp.handler.MatchmakingHandler - Message sent to sessionId=session1: {"playerCount":1,"players":[{"userid":"12345","username":"Player1"}],"type":"playerUpdate","roomId":"b1f963f4-084e-44a7-9da9-abe72ce1bd88"}
12:46:59.106 [main] INFO com.devbox.mavenapp.handler.MatchmakingHandler - New player connected: sessionId=session2
12:46:59.107 [main] INFO com.devbox.mavenapp.handler.MatchmakingHandler - Message received: sessionId=session2, payload={"type":"join","userName":"Player1","userId":"12345"}
12:46:59.108 [main] WARN com.devbox.mavenapp.handler.MatchmakingHandler - Duplicate player attempt: Player1 (12345)
]]></system-out>
    <system-err><![CDATA[WARNING: A Java agent has been loaded dynamically (/home/user/.m2/repository/net/bytebuddy/byte-buddy-agent/1.14.5/byte-buddy-agent-1.14.5.jar)
WARNING: If a serviceability tool is in use, please run with -XX:+EnableDynamicAgentLoading to hide this warning
WARNING: If a serviceability tool is not in use, please run with -Djdk.instrument.traceUsage for more information
WARNING: Dynamic loading of agents will be disallowed by default in a future release
]]></system-err>
  </testcase>
  <testcase name="testHandleTextMessage_JoinPlayer" classname="com.devbox.mavenapp.handler.MatchmakingHandlerTest" time="0.008">
    <system-out><![CDATA[12:46:59.137 [main] INFO com.devbox.mavenapp.handler.MatchmakingHandler - New player connected: sessionId=session1
12:46:59.138 [main] INFO com.devbox.mavenapp.handler.MatchmakingHandler - Message received: sessionId=session1, payload={"type":"join","userName":"Player1","userId":"12345"}
12:46:59.139 [main] INFO com.devbox.mavenapp.handler.MatchmakingHandler - Player joined: Player1 (12345) in room 64cbebfa-5cb6-4b7a-a064-290566af09a4
12:46:59.139 [main] INFO com.devbox.mavenapp.handler.MatchmakingHandler - Broadcasting player update. Current players: [{userid=12345, username=Player1}]
12:46:59.140 [main] INFO com.devbox.mavenapp.handler.MatchmakingHandler - Message sent to sessionId=session1: {"playerCount":1,"players":[{"userid":"12345","username":"Player1"}],"type":"playerUpdate","roomId":"64cbebfa-5cb6-4b7a-a064-290566af09a4"}
]]></system-out>
  </testcase>
  <testcase name="testAfterConnectionClosed" classname="com.devbox.mavenapp.handler.MatchmakingHandlerTest" time="0.012">
    <system-out><![CDATA[12:46:59.151 [main] INFO com.devbox.mavenapp.handler.MatchmakingHandler - New player connected: sessionId=session1
12:46:59.152 [main] INFO com.devbox.mavenapp.handler.MatchmakingHandler - Message received: sessionId=session1, payload={"type":"join","userName":"Player1","userId":"12345"}
12:46:59.152 [main] INFO com.devbox.mavenapp.handler.MatchmakingHandler - Player joined: Player1 (12345) in room 13afdbdf-a4f3-43ac-92bc-d6ba2075f631
12:46:59.152 [main] INFO com.devbox.mavenapp.handler.MatchmakingHandler - Broadcasting player update. Current players: [{userid=12345, username=Player1}]
12:46:59.153 [main] INFO com.devbox.mavenapp.handler.MatchmakingHandler - Message sent to sessionId=session1: {"playerCount":1,"players":[{"userid":"12345","username":"Player1"}],"type":"playerUpdate","roomId":"13afdbdf-a4f3-43ac-92bc-d6ba2075f631"}
12:46:59.153 [main] INFO com.devbox.mavenapp.handler.MatchmakingHandler - Player disconnected: sessionId=session1, status={}
12:46:59.153 [main] INFO com.devbox.mavenapp.handler.MatchmakingHandler - Removed player: Player1 (12345)
12:46:59.154 [main] INFO com.devbox.mavenapp.handler.MatchmakingHandler - Broadcasting player update. Current players: []
]]></system-out>
  </testcase>
  <testcase name="testStartGame" classname="com.devbox.mavenapp.handler.MatchmakingHandlerTest" time="0.016">
    <system-out><![CDATA[12:46:59.162 [main] INFO com.devbox.mavenapp.handler.MatchmakingHandler - New player connected: sessionId=session1
12:46:59.163 [main] INFO com.devbox.mavenapp.handler.MatchmakingHandler - Message received: sessionId=session1, payload={"type":"join","userName":"Player1","userId":"12345"}
12:46:59.166 [main] INFO com.devbox.mavenapp.handler.MatchmakingHandler - Player joined: Player1 (12345) in room 37ebc9de-b6da-4ce0-bd26-e84946c26693
12:46:59.166 [main] INFO com.devbox.mavenapp.handler.MatchmakingHandler - Broadcasting player update. Current players: [{userid=12345, username=Player1}]
12:46:59.167 [main] INFO com.devbox.mavenapp.handler.MatchmakingHandler - Message sent to sessionId=session1: {"playerCount":1,"players":[{"userid":"12345","username":"Player1"}],"type":"playerUpdate","roomId":"37ebc9de-b6da-4ce0-bd26-e84946c26693"}
12:46:59.168 [main] INFO com.devbox.mavenapp.handler.MatchmakingHandler - New player connected: sessionId=session2
12:46:59.168 [main] INFO com.devbox.mavenapp.handler.MatchmakingHandler - Message received: sessionId=session2, payload={"type":"join","userName":"Player2","userId":"54321"}
12:46:59.169 [main] INFO com.devbox.mavenapp.handler.MatchmakingHandler - Player joined: Player2 (54321) in room 37ebc9de-b6da-4ce0-bd26-e84946c26693
12:46:59.169 [main] INFO com.devbox.mavenapp.handler.MatchmakingHandler - Broadcasting player update. Current players: [{userid=12345, username=Player1}, {userid=54321, username=Player2}]
12:46:59.169 [main] INFO com.devbox.mavenapp.handler.MatchmakingHandler - Message sent to sessionId=session2: {"playerCount":2,"players":[{"userid":"12345","username":"Player1"},{"userid":"54321","username":"Player2"}],"type":"playerUpdate","roomId":"37ebc9de-b6da-4ce0-bd26-e84946c26693"}
12:46:59.169 [main] INFO com.devbox.mavenapp.handler.MatchmakingHandler - Message sent to sessionId=session1: {"playerCount":2,"players":[{"userid":"12345","username":"Player1"},{"userid":"54321","username":"Player2"}],"type":"playerUpdate","roomId":"37ebc9de-b6da-4ce0-bd26-e84946c26693"}
12:46:59.169 [main] INFO com.devbox.mavenapp.handler.MatchmakingHandler - New player connected: sessionId=session3
12:46:59.170 [main] INFO com.devbox.mavenapp.handler.MatchmakingHandler - Message received: sessionId=session3, payload={"type":"join","userName":"Player3","userId":"13579"}
12:46:59.170 [main] INFO com.devbox.mavenapp.handler.MatchmakingHandler - Player joined: Player3 (13579) in room 37ebc9de-b6da-4ce0-bd26-e84946c26693
12:46:59.170 [main] INFO com.devbox.mavenapp.handler.MatchmakingHandler - Broadcasting player update. Current players: [{userid=12345, username=Player1}, {userid=54321, username=Player2}, {userid=13579, username=Player3}]
12:46:59.170 [main] INFO com.devbox.mavenapp.handler.MatchmakingHandler - Message sent to sessionId=session3: {"playerCount":3,"players":[{"userid":"12345","username":"Player1"},{"userid":"54321","username":"Player2"},{"userid":"13579","username":"Player3"}],"type":"playerUpdate","roomId":"37ebc9de-b6da-4ce0-bd26-e84946c26693"}
12:46:59.170 [main] INFO com.devbox.mavenapp.handler.MatchmakingHandler - Message sent to sessionId=session2: {"playerCount":3,"players":[{"userid":"12345","username":"Player1"},{"userid":"54321","username":"Player2"},{"userid":"13579","username":"Player3"}],"type":"playerUpdate","roomId":"37ebc9de-b6da-4ce0-bd26-e84946c26693"}
12:46:59.170 [main] INFO com.devbox.mavenapp.handler.MatchmakingHandler - Message sent to sessionId=session1: {"playerCount":3,"players":[{"userid":"12345","username":"Player1"},{"userid":"54321","username":"Player2"},{"userid":"13579","username":"Player3"}],"type":"playerUpdate","roomId":"37ebc9de-b6da-4ce0-bd26-e84946c26693"}
12:46:59.171 [main] INFO com.devbox.mavenapp.handler.MatchmakingHandler - New player connected: sessionId=session4
12:46:59.171 [main] INFO com.devbox.mavenapp.handler.MatchmakingHandler - Message received: sessionId=session4, payload={"type":"join","userName":"Player4","userId":"24680"}
12:46:59.171 [main] INFO com.devbox.mavenapp.handler.MatchmakingHandler - Player joined: Player4 (24680) in room 37ebc9de-b6da-4ce0-bd26-e84946c26693
12:46:59.171 [main] INFO com.devbox.mavenapp.handler.MatchmakingHandler - Broadcasting player update. Current players: [{userid=12345, username=Player1}, {userid=54321, username=Player2}, {userid=13579, username=Player3}, {userid=24680, username=Player4}]
12:46:59.172 [main] INFO com.devbox.mavenapp.handler.MatchmakingHandler - Message sent to sessionId=session4: {"playerCount":4,"players":[{"userid":"12345","username":"Player1"},{"userid":"54321","username":"Player2"},{"userid":"13579","username":"Player3"},{"userid":"24680","username":"Player4"}],"type":"playerUpdate","roomId":"37ebc9de-b6da-4ce0-bd26-e84946c26693"}
12:46:59.172 [main] INFO com.devbox.mavenapp.handler.MatchmakingHandler - Message sent to sessionId=session3: {"playerCount":4,"players":[{"userid":"12345","username":"Player1"},{"userid":"54321","username":"Player2"},{"userid":"13579","username":"Player3"},{"userid":"24680","username":"Player4"}],"type":"playerUpdate","roomId":"37ebc9de-b6da-4ce0-bd26-e84946c26693"}
12:46:59.172 [main] INFO com.devbox.mavenapp.handler.MatchmakingHandler - Message sent to sessionId=session2: {"playerCount":4,"players":[{"userid":"12345","username":"Player1"},{"userid":"54321","username":"Player2"},{"userid":"13579","username":"Player3"},{"userid":"24680","username":"Player4"}],"type":"playerUpdate","roomId":"37ebc9de-b6da-4ce0-bd26-e84946c26693"}
12:46:59.172 [main] INFO com.devbox.mavenapp.handler.MatchmakingHandler - Message sent to sessionId=session1: {"playerCount":4,"players":[{"userid":"12345","username":"Player1"},{"userid":"54321","username":"Player2"},{"userid":"13579","username":"Player3"},{"userid":"24680","username":"Player4"}],"type":"playerUpdate","roomId":"37ebc9de-b6da-4ce0-bd26-e84946c26693"}
12:46:59.173 [main] INFO com.devbox.mavenapp.handler.MatchmakingHandler - Starting game with players: [{userid=12345, username=Player1}, {userid=54321, username=Player2}, {userid=13579, username=Player3}, {userid=24680, username=Player4}]
12:46:59.173 [main] INFO com.devbox.mavenapp.handler.MatchmakingHandler - Message sent to sessionId=session4: {"players":[{"userid":"12345","username":"Player1"},{"userid":"54321","username":"Player2"},{"userid":"13579","username":"Player3"},{"userid":"24680","username":"Player4"}],"type":"startGame","roomId":"37ebc9de-b6da-4ce0-bd26-e84946c26693"}
12:46:59.173 [main] INFO com.devbox.mavenapp.handler.MatchmakingHandler - Message sent to sessionId=session3: {"players":[{"userid":"12345","username":"Player1"},{"userid":"54321","username":"Player2"},{"userid":"13579","username":"Player3"},{"userid":"24680","username":"Player4"}],"type":"startGame","roomId":"37ebc9de-b6da-4ce0-bd26-e84946c26693"}
12:46:59.173 [main] INFO com.devbox.mavenapp.handler.MatchmakingHandler - Message sent to sessionId=session2: {"players":[{"userid":"12345","username":"Player1"},{"userid":"54321","username":"Player2"},{"userid":"13579","username":"Player3"},{"userid":"24680","username":"Player4"}],"type":"startGame","roomId":"37ebc9de-b6da-4ce0-bd26-e84946c26693"}
12:46:59.173 [main] INFO com.devbox.mavenapp.handler.MatchmakingHandler - Message sent to sessionId=session1: {"players":[{"userid":"12345","username":"Player1"},{"userid":"54321","username":"Player2"},{"userid":"13579","username":"Player3"},{"userid":"24680","username":"Player4"}],"type":"startGame","roomId":"37ebc9de-b6da-4ce0-bd26-e84946c26693"}
]]></system-out>
  </testcase>
  <testcase name="testBroadcastPlayerUpdate" classname="com.devbox.mavenapp.handler.MatchmakingHandlerTest" time="0.01">
    <system-out><![CDATA[12:46:59.181 [main] INFO com.devbox.mavenapp.handler.MatchmakingHandler - New player connected: sessionId=session1
12:46:59.182 [main] INFO com.devbox.mavenapp.handler.MatchmakingHandler - Message received: sessionId=session1, payload={"type":"join","userName":"Player1","userId":"12345"}
12:46:59.183 [main] INFO com.devbox.mavenapp.handler.MatchmakingHandler - Player joined: Player1 (12345) in room e06e4783-87b6-4921-8310-6514849d25ec
12:46:59.183 [main] INFO com.devbox.mavenapp.handler.MatchmakingHandler - Broadcasting player update. Current players: [{userid=12345, username=Player1}]
12:46:59.184 [main] INFO com.devbox.mavenapp.handler.MatchmakingHandler - Message sent to sessionId=session1: {"playerCount":1,"players":[{"userid":"12345","username":"Player1"}],"type":"playerUpdate","roomId":"e06e4783-87b6-4921-8310-6514849d25ec"}
12:46:59.185 [main] INFO com.devbox.mavenapp.handler.MatchmakingHandler - New player connected: sessionId=session2
12:46:59.185 [main] INFO com.devbox.mavenapp.handler.MatchmakingHandler - Message received: sessionId=session2, payload={"type":"join","userName":"Player2","userId":"54321"}
12:46:59.185 [main] INFO com.devbox.mavenapp.handler.MatchmakingHandler - Player joined: Player2 (54321) in room e06e4783-87b6-4921-8310-6514849d25ec
12:46:59.185 [main] INFO com.devbox.mavenapp.handler.MatchmakingHandler - Broadcasting player update. Current players: [{userid=12345, username=Player1}, {userid=54321, username=Player2}]
12:46:59.185 [main] INFO com.devbox.mavenapp.handler.MatchmakingHandler - Message sent to sessionId=session2: {"playerCount":2,"players":[{"userid":"12345","username":"Player1"},{"userid":"54321","username":"Player2"}],"type":"playerUpdate","roomId":"e06e4783-87b6-4921-8310-6514849d25ec"}
12:46:59.185 [main] INFO com.devbox.mavenapp.handler.MatchmakingHandler - Message sent to sessionId=session1: {"playerCount":2,"players":[{"userid":"12345","username":"Player1"},{"userid":"54321","username":"Player2"}],"type":"playerUpdate","roomId":"e06e4783-87b6-4921-8310-6514849d25ec"}
]]></system-out>
  </testcase>
  <testcase name="testAfterConnectionEstablished" classname="com.devbox.mavenapp.handler.MatchmakingHandlerTest" time="0.006">
    <system-out><![CDATA[12:46:59.196 [main] INFO com.devbox.mavenapp.handler.MatchmakingHandler - New player connected: sessionId=session1
]]></system-out>
  </testcase>
</testsuite>